16:24:01.072 [com.intuit.karate.cli.Main.main()]  INFO  com.intuit.karate - Karate version: 1.4.0
16:24:01.820 [com.intuit.karate.cli.Main.main()]  INFO  com.intuit.karate - >> lock acquired, begin callSingle: classpath:common/server-setup.feature
16:24:01.929 [com.intuit.karate.cli.Main.main()]  INFO  com.intuit.karate - << lock released, cached callSingle: classpath:common/server-setup.feature
16:24:02.072 [com.intuit.karate.cli.Main.main()]  DEBUG com.intuit.karate - request:
1 > POST http://localhost:8080/todos
1 > Content-Type: text/plain; charset=UTF-8
1 > Content-Length: 5
1 > Host: localhost:8080
1 > Connection: Keep-Alive
1 > User-Agent: Apache-HttpClient/4.5.14 (Java/17.0.9)
1 > Accept-Encoding: gzip,deflate
First

16:24:02.458 [com.intuit.karate.cli.Main.main()]  DEBUG com.intuit.karate - response time in milliseconds: 385
1 < 200
1 < Date: Sun, 26 Oct 2025 15:24:02 GMT
1 < Content-Type: application/json
1 < Transfer-Encoding: chunked
1 < Server: Jetty(9.4.48.v20220622)
{"id":"631a7015-9ff7-4353-a258-a343450be035","title":"First","complete":false}

16:24:02.495 [com.intuit.karate.cli.Main.main()]  DEBUG com.intuit.karate - request:
2 > GET http://localhost:8080/todos/631a7015-9ff7-4353-a258-a343450be035
2 > Host: localhost:8080
2 > Connection: Keep-Alive
2 > User-Agent: Apache-HttpClient/4.5.14 (Java/17.0.9)
2 > Accept-Encoding: gzip,deflate


16:24:02.497 [com.intuit.karate.cli.Main.main()]  DEBUG com.intuit.karate - response time in milliseconds: 2
2 < 200
2 < Date: Sun, 26 Oct 2025 15:24:02 GMT
2 < Content-Type: application/json
2 < Transfer-Encoding: chunked
2 < Server: Jetty(9.4.48.v20220622)
{"id":"631a7015-9ff7-4353-a258-a343450be035","title":"First","complete":false}

16:24:02.499 [com.intuit.karate.cli.Main.main()]  DEBUG com.intuit.karate - request:
3 > GET http://localhost:8080/todos
3 > Host: localhost:8080
3 > Connection: Keep-Alive
3 > User-Agent: Apache-HttpClient/4.5.14 (Java/17.0.9)
3 > Accept-Encoding: gzip,deflate


16:24:02.501 [com.intuit.karate.cli.Main.main()]  DEBUG com.intuit.karate - response time in milliseconds: 2
3 < 200
3 < Date: Sun, 26 Oct 2025 15:24:02 GMT
3 < Content-Type: application/json
3 < Transfer-Encoding: chunked
3 < Server: Jetty(9.4.48.v20220622)
[{"id":"631a7015-9ff7-4353-a258-a343450be035","title":"First","complete":false}]

16:24:02.504 [com.intuit.karate.cli.Main.main()]  DEBUG com.intuit.karate - request:
4 > POST http://localhost:8080/todos
4 > Content-Type: text/plain; charset=UTF-8
4 > Content-Length: 6
4 > Host: localhost:8080
4 > Connection: Keep-Alive
4 > User-Agent: Apache-HttpClient/4.5.14 (Java/17.0.9)
4 > Accept-Encoding: gzip,deflate
Second

16:24:02.531 [com.intuit.karate.cli.Main.main()]  DEBUG com.intuit.karate - response time in milliseconds: 26
4 < 200
4 < Date: Sun, 26 Oct 2025 15:24:02 GMT
4 < Content-Type: application/json
4 < Transfer-Encoding: chunked
4 < Server: Jetty(9.4.48.v20220622)
{"id":"bdee6fb0-eaed-48ac-87cd-41953b8744a8","title":"Second","complete":false}

16:24:02.532 [com.intuit.karate.cli.Main.main()]  DEBUG com.intuit.karate - request:
5 > GET http://localhost:8080/todos
5 > Host: localhost:8080
5 > Connection: Keep-Alive
5 > User-Agent: Apache-HttpClient/4.5.14 (Java/17.0.9)
5 > Accept-Encoding: gzip,deflate


16:24:02.535 [com.intuit.karate.cli.Main.main()]  DEBUG com.intuit.karate - response time in milliseconds: 2
5 < 200
5 < Date: Sun, 26 Oct 2025 15:24:02 GMT
5 < Content-Type: application/json
5 < Transfer-Encoding: chunked
5 < Server: Jetty(9.4.48.v20220622)
[{"id":"631a7015-9ff7-4353-a258-a343450be035","title":"First","complete":false},{"id":"bdee6fb0-eaed-48ac-87cd-41953b8744a8","title":"Second","complete":false}]

16:24:02.543 [com.intuit.karate.cli.Main.main()]  DEBUG com.intuit.karate - request:
1 > POST http://localhost:8080/todos
1 > Content-Type: text/plain; charset=UTF-8
1 > Content-Length: 15
1 > Host: localhost:8080
1 > Connection: Keep-Alive
1 > User-Agent: Apache-HttpClient/4.5.14 (Java/17.0.9)
1 > Accept-Encoding: gzip,deflate
ValidateMessage

16:24:02.561 [com.intuit.karate.cli.Main.main()]  DEBUG com.intuit.karate - response time in milliseconds: 17
1 < 200
1 < Date: Sun, 26 Oct 2025 15:24:02 GMT
1 < Content-Type: application/json
1 < Transfer-Encoding: chunked
1 < Server: Jetty(9.4.48.v20220622)
{"id":"d344ee44-a02f-42a6-bb4d-e47aa4c08174","title":"ValidateMessage","complete":false}

16:24:06.648 [com.intuit.karate.cli.Main.main()]  INFO  com.intuit.karate.Suite - <<pass>> feature 1 of 1 (0 remaining) src/test/resources/todos/todo-kafka.feature
